<?xml version="1.0" encoding="UTF-8"?>
<!-- Generated by org.testng.reporters.JUnitReportReporter -->
<testsuite hostname="Lenovo-PC" failures="0" tests="2" name="test1.Day2" time="0.014" errors="0" timestamp="2022-06-14T12:19:30 IST" skipped="0">
  <testcase classname="test1.Day2" name="HomeLoan" time="0.010"/>
  <system-out/>
  <testcase classname="test1.Day2" name="LandLoan" time="0.004"/>
  <system-out/>
</testsuite> <!-- test1.Day2 -->
