<?xml version="1.0" encoding="UTF-8"?>
<!-- Generated by org.testng.reporters.JUnitReportReporter -->
<testsuite hostname="Lenovo-PC" failures="0" tests="4" name="test1.Day5" time="0.019" errors="0" timestamp="2022-06-04T18:21:30 IST" skipped="0">
  <testcase classname="test1.Day5" name="mobileSignIn" time="0.002"/>
  <system-out/>
  <testcase classname="test1.Day5" name="mobileSignIn" time="0.002"/>
  <system-out/>
  <testcase classname="test1.Day5" name="ToastMeth" time="0.013"/>
  <system-out/>
  <testcase classname="test1.Day5" name="mobileSignIn" time="0.002"/>
  <system-out/>
</testsuite> <!-- test1.Day5 -->
