<?xml version="1.0" encoding="UTF-8"?>
<!-- Generated by org.testng.reporters.JUnitReportReporter -->
<testsuite hostname="Lenovo-PC" failures="0" tests="4" name="test2.Day3" time="0.012" errors="0" timestamp="2022-06-14T12:19:59 IST" skipped="0">
  <testcase classname="test2.Day3" name="MobileDebitCard" time="0.002"/>
  <system-out/>
  <testcase classname="test2.Day3" name="PhonePassBook" time="0.003"/>
  <system-out/>
  <testcase classname="test2.Day3" name="MobileCreditCard" time="0.001"/>
  <system-out/>
  <testcase classname="test2.Day3" name="PhoneChecQueBook" time="0.006"/>
  <system-out/>
</testsuite> <!-- test2.Day3 -->
